class/12gong/boxing/bing.c
class/12gong/boxing/zuhe.c
class/bonze/bighammer/dashi.c
class/bonze/huoyun-qiang/qifei.o
class/bonze/huoyun-qiang/fmtd.c
class/bonze/huoyun-qiang/huohun.o
class/bonze/jienan-zhi/lingxi.c
class/bonze/jienan-zhi/rulai.c
class/bonze/jienan-zhi/storm.c
class/bonze/lotusforce/heal.c
class/bonze/lotusforce/lifeheal.c
class/bonze/lunhui-zhang/chaodu.c
class/bonze/lunhui-zhang/fuhu.c
class/bonze/lunhui-zhang/pudu.c
class/bonze/lunhui-zhang/qifei.c
class/dragon/dragonfight/leidong.c
class/dragon/dragonfight/long.c
class/dragon/dragonfight/shenglong.c
class/dragon/dragonfight/sheshen.c
class/dragon/dragonforce/heal.c
class/dragon/dragonforce/roar.c
class/dragon/dragonforce/shield.c
class/dragon/dragonforce/zhenshen.c
class/dragon/fengbo-cha/dhwl.c
class/dragon/fengbo-cha/cfpl.c
class/dragon/huntian-hammer/break.c
class/fighter/bawang-qiang/ba.c
class/fighter/bawang-qiang/meihua.c
class/fighter/bawang-qiang/meihua.new
class/fighter/jinglei-mace/tian.c
class/fighter/lengquan-force/heal.c
class/fighter/lengquan-force/jingxin.c
class/fighter/sanban-axe/kai.c
class/fighter/sanban-axe/sanban.c
class/fighter/wusi-mace/andu.c
class/fighter/wusi-mace/andu.new
class/fighter/wusi-mace/suo.c
class/force/recover.c
class/force/refresh.c
class/fuqiperform/shuangfei.c
class/ghost/gouhunshu/heiwu.c
class/ghost/hellfire-whip/biluo.c
class/ghost/hellfire-whip/lunhui.c
class/ghost/hellfire-whip/three.c
class/ghost/hellfire-whip/xingyun.c
class/ghost/jinghun-zhang/zhua.c
class/ghost/kusang-bang/qmly.c
class/ghost/tonsillitis/heal.c
class/ghost/tonsillitis/powerfade.c
class/ghost/tonsillitis/powerup.c
class/ghost/tonsillitis/xianxing.c
class/ghost/zhuihun-sword/yanluo.c
class/kunlun/huntian-jian/lin.c
class/kunlun/huntian-jian/xue.c
class/kunlun/huntian-jian/huifenghuifeng.o
class/kunlun/kaitian-zhang/po.c
class/kunlun/wugou-jian/feixian.c
class/kunlun/wugou-jian/fengshen.c
class/kunlun/xuanzong-force/heal.c
class/kunlun/xuanzong-force/hengha.c
class/kunlun/xuanzong-force/powerup.c
class/kunlun/yuxu-spells/fantian.c
class/moon/baihua-zhang/flower.c
class/moon/jueqingbian/qingwang.c
class/moon/jueqingbian/sanshou.o
class/moon/moonforce/heal.c
class/moon/moonforce/yuanyue.c
class/moon/snowsword/diezhang.c
class/moon/snowsword/tian.c
class/moon/snowsword/wuxue.c
class/moon/snowsword/xiaoyao.c
class/moon/xuanhu-blade/duanfa.o
class/moon/xuanhu-blade/jueqing.c
class/pansi/chixin-jian/haotan.c
class/pansi/chixin-jian/lestat.o
class/pansi/chixin-jian/qingyun.c
class/pansi/jiuyin-xinjing/heal.c
class/pansi/jiuyin-xinjing/jingheal.c
class/pansi/lanhua-shou/lanhua.c
class/pansi/lanhua-shou/juehu.0
class/pansi/qingxia-jian/mantian.c
class/pansi/yinsuo-jinling/tian.c
class/pansi/yinsuo-jinling/wang.c
class/puti/puti-zhi/xpt.c
class/puti/qianjun-bang/panlong.c
class/puti/qianjun-bang/pili.c
class/puti/qianjun-bang/pili.canoe
class/puti/qianjun-bang/pili.yesi
class/puti/qianjun-bang/qiankun.c
class/puti/qianjun-bang/wu.c
class/puti/wuxiangforce/heal.c
class/puti/wuxiangforce/jinjia.delete
class/puti/wuxiangforce/jldl.c
class/puti/wuxiangforce/mohu.delete
class/puti/wuxiangforce/recover.delete
class/puti/wuxiangforce/shenjia.c
class/sanxian/butian-force/stone.c
class/sanxian/butian-force/xiaobutian.c
class/sanxian/butian-force/ziwu.c
class/sanxian/spysword/bishou.c
class/sanxian/spysword/dunnoname.c
class/sanxian/spysword/dunnotruth.c
class/sanxian/ice_fire_zhang/icefire.c
class/shushan/canxin-jian/xiangsi.c
class/shushan/hunyuan-zhang/fenguang.c
class/shushan/mindsword/jianqi.c
class/shushan/mindsword/jianqi.c.1010224178
class/shushan/mindsword/taohua.c
class/shushan/mindsword/yujian.c
class/shushan/shushan-force/huti.c
class/shushan/shushan-force/zhanqi.c
class/shushan/shushan-jianfa/duanshui.c
class/shushan/snowwhip/snake.c
class/shushan/songhe-sword/wanjian.c
class/shushan/taoism/chaoyuan.c
class/shushan/taoism/jianshen.c
class/shushan/xianfeng-spells/jianshen.c
class/shushan/xiantian-force/heal.c
class/shushan/yirubian/yue.c
class/shushan/yujianshu/duanshui.c
class/shushan/yujianshu/fumo.c
class/shushan/yujianshu/wanjian.c
class/shushan/yujianshu/sword.c
class/shushan/zixia-shengong/huti.c
class/shushan/zixia-shengong/ningshen.c
class/shushan/zixia-shengong/zhanqi.c
class/spells/transfer.c
class/xuanyuan/daya-jian/qijian.c
class/yaomo/kusong/dali-bang/baiyun.c
class/yaomo/kusong/dali-bang/shenli.c
class/yaomo/kusong/huomo/fire.c
class/yaomo/kusong/huomo/heal.c
class/yaomo/kusong/huoyun-qiang/huohun.o
class/yaomo/kusong/huoyun-qiang/lihuo.c
class/yaomo/kusong/huoyun-qiang/ji.o
class/yaomo/kusong/huoyun-qiang/huohun.c
class/yaomo/kusong/moyun-shou/zhangxinlei.c
class/yaomo/kusong/pingtian-dafa/zhuang.c
class/yaomo/kusong/pingtian-dafa/zhuang.dra
class/yaomo/kusong/wuyue-spear/buhui.c
class/yaomo/kusong/wuyue-spear/fengchan.c
class/yaomo/wudidong/huntian-qigong/anti.c
class/yaomo/wudidong/huntian-qigong/heal.c
class/yaomo/wudidong/huntian-qigong/zhangqi.c
class/yaomo/wudidong/kugu-blade/diyu.c
class/yaomo/wudidong/kugu-blade/pozhan.c
class/yaomo/wudidong/kugu-blade/xiao.c
class/yaomo/wudidong/qixiu-jian/yaowu.c
class/yaomo/wudidong/qixiu-jian/zxzx.c
class/yaomo/wudidong/yinfeng-zhua/duo.c
class/yaomo/wudidong/yinfeng-zhua/duzun.c
class/yaomo/xueshan/bainiao-jian/chaofeng.c
class/yaomo/xueshan/bainiao-jian/feijian.c
class/yaomo/xueshan/bingpo-blade/baoxue.c
class/yaomo/xueshan/bingpo-blade/ningxie.c
class/yaomo/xueshan/bingpo-blade/piaoxue.c
class/yaomo/xueshan/cuixin-zhang/cuixin.c
class/yaomo/xueshan/dengxian-dafa/juanbi.c
class/yaomo/xueshan/ningxie-force/heal.c
class/yaomo/xueshan/ningxie-force/ningxie.c
class/yaomo/xueshan/xuan.c
class/zhenyuan/fumo-zhang/fuhu.o
class/zhenyuan/sanqing-jian/jianmang.c
class/zhenyuan/sanqing-jian/jianzhang.c
class/zhenyuan/sanqing-jian/sanqing.c
class/zhenyuan/sanqing-jian/juejian.o
class/zhenyuan/taiyi/zhenhuo.c
class/zhenyuan/xiaofeng-sword/huichang.c
class/zhenyuan/xiaofeng-sword/zouxiao.o
class/zhenyuan/zhenyuan-force/heal.c
class/zhenyuan/wuxing-quan/wuxing.c
